[0.010s] Invoking command in '/home/teus/manipulator/build/manipulator': CMAKE_PREFIX_PATH=/opt/ros/foxy /usr/bin/cmake /home/teus/manipulator/src/manipulator -DAMENT_CMAKE_SYMLINK_INSTALL=1 -DCMAKE_INSTALL_PREFIX=/home/teus/manipulator/install/manipulator
[0.045s] -- The C compiler identification is GNU 9.4.0
[0.079s] -- The CXX compiler identification is GNU 9.4.0
[0.082s] -- Check for working C compiler: /usr/bin/cc
[0.127s] -- Check for working C compiler: /usr/bin/cc -- works
[0.128s] -- Detecting C compiler ABI info
[0.172s] -- Detecting C compiler ABI info - done
[0.181s] -- Detecting C compile features
[0.182s] -- Detecting C compile features - done
[0.184s] -- Check for working CXX compiler: /usr/bin/c++
[0.241s] -- Check for working CXX compiler: /usr/bin/c++ -- works
[0.241s] -- Detecting CXX compiler ABI info
[0.317s] -- Detecting CXX compiler ABI info - done
[0.334s] -- Detecting CXX compile features
[0.334s] -- Detecting CXX compile features - done
[0.337s] -- Found ament_cmake: 0.9.11 (/opt/ros/foxy/share/ament_cmake/cmake)
[0.369s] -- Found PythonInterp: /usr/bin/python3 (found suitable version "3.8.10", minimum required is "3") 
[0.369s] -- Using PYTHON_EXECUTABLE: /usr/bin/python3
[0.503s] -- Override CMake install command with custom implementation using symlinks instead of copying resources
[0.518s] -- Found ament_lint_auto: 0.9.7 (/opt/ros/foxy/share/ament_lint_auto/cmake)
[0.566s] -- Added test 'copyright' to check source files copyright and LICENSE
[0.568s] -- Added test 'lint_cmake' to check CMake code style
[0.569s] -- Added test 'xmllint' to check XML markup files
[0.571s] -- Configuring done
[0.573s] -- Generating done
[0.574s] -- Build files have been written to: /home/teus/manipulator/build/manipulator
[0.576s] Invoked command in '/home/teus/manipulator/build/manipulator' returned '0': CMAKE_PREFIX_PATH=/opt/ros/foxy /usr/bin/cmake /home/teus/manipulator/src/manipulator -DAMENT_CMAKE_SYMLINK_INSTALL=1 -DCMAKE_INSTALL_PREFIX=/home/teus/manipulator/install/manipulator
[0.578s] Invoking command in '/home/teus/manipulator/build/manipulator': CMAKE_PREFIX_PATH=/opt/ros/foxy /usr/bin/cmake --build /home/teus/manipulator/build/manipulator -- -j16 -l16
[0.604s] Invoked command in '/home/teus/manipulator/build/manipulator' returned '0': CMAKE_PREFIX_PATH=/opt/ros/foxy /usr/bin/cmake --build /home/teus/manipulator/build/manipulator -- -j16 -l16
[0.627s] Invoking command in '/home/teus/manipulator/build/manipulator': CMAKE_PREFIX_PATH=/opt/ros/foxy /usr/bin/cmake --install /home/teus/manipulator/build/manipulator
[0.634s] -- Install configuration: ""
[0.634s] -- Execute custom install script
[0.637s] -- Symlinking: /home/teus/manipulator/install/manipulator/share/ament_index/resource_index/package_run_dependencies/manipulator
[0.645s] -- Symlinking: /home/teus/manipulator/install/manipulator/share/ament_index/resource_index/parent_prefix_path/manipulator
[0.654s] -- Symlinking: /home/teus/manipulator/install/manipulator/share/manipulator/environment/ament_prefix_path.sh
[0.662s] -- Symlinking: /home/teus/manipulator/install/manipulator/share/manipulator/environment/ament_prefix_path.dsv
[0.670s] -- Symlinking: /home/teus/manipulator/install/manipulator/share/manipulator/environment/path.sh
[0.679s] -- Symlinking: /home/teus/manipulator/install/manipulator/share/manipulator/environment/path.dsv
[0.686s] -- Symlinking: /home/teus/manipulator/install/manipulator/share/manipulator/local_setup.bash
[0.692s] -- Symlinking: /home/teus/manipulator/install/manipulator/share/manipulator/local_setup.sh
[0.698s] -- Symlinking: /home/teus/manipulator/install/manipulator/share/manipulator/local_setup.zsh
[0.703s] -- Symlinking: /home/teus/manipulator/install/manipulator/share/manipulator/local_setup.dsv
[0.708s] -- Symlinking: /home/teus/manipulator/install/manipulator/share/manipulator/package.dsv
[0.714s] -- Symlinking: /home/teus/manipulator/install/manipulator/share/ament_index/resource_index/packages/manipulator
[0.719s] -- Symlinking: /home/teus/manipulator/install/manipulator/share/manipulator/cmake/manipulatorConfig.cmake
[0.724s] -- Symlinking: /home/teus/manipulator/install/manipulator/share/manipulator/cmake/manipulatorConfig-version.cmake
[0.730s] -- Symlinking: /home/teus/manipulator/install/manipulator/share/manipulator/package.xml
[0.737s] Invoked command in '/home/teus/manipulator/build/manipulator' returned '0': CMAKE_PREFIX_PATH=/opt/ros/foxy /usr/bin/cmake --install /home/teus/manipulator/build/manipulator
