[0.012s] Invoking command in '/home/teus/manipulator/build/manipulator_description': /usr/bin/cmake /home/teus/manipulator/src/manipulator_description -DCATKIN_INSTALL_INTO_PREFIX_ROOT=0 -DCMAKE_INSTALL_PREFIX=/home/teus/manipulator/install/manipulator_description
[0.030s] CMake Error at CMakeLists.txt:10 (find_package):
[0.030s]   By not providing "Findcatkin.cmake" in CMAKE_MODULE_PATH this project has
[0.030s]   asked CMake to find a package configuration file provided by "catkin", but
[0.030s]   CMake did not find one.
[0.030s] 
[0.030s]   Could not find a package configuration file provided by "catkin" with any
[0.030s]   of the following names:
[0.030s] 
[0.030s]     catkinConfig.cmake
[0.030s]     catkin-config.cmake
[0.030s] 
[0.030s]   Add the installation prefix of "catkin" to CMAKE_PREFIX_PATH or set
[0.030s]   "catkin_DIR" to a directory containing one of the above files.  If "catkin"
[0.030s]   provides a separate development package or SDK, be sure it has been
[0.030s]   installed.
[0.031s] 
[0.031s] 
[0.031s] -- Configuring incomplete, errors occurred!
[0.031s] See also "/home/teus/manipulator/build/manipulator_description/CMakeFiles/CMakeOutput.log".
[0.032s] Invoked command in '/home/teus/manipulator/build/manipulator_description' returned '1': /usr/bin/cmake /home/teus/manipulator/src/manipulator_description -DCATKIN_INSTALL_INTO_PREFIX_ROOT=0 -DCMAKE_INSTALL_PREFIX=/home/teus/manipulator/install/manipulator_description
