-- Install configuration: ""
-- Execute custom install script
-- Up-to-date symlink: /home/teus/manipulator/install/manipulator/share/manipulator/launch/manipulator.launch.py
-- Up-to-date symlink: /home/teus/manipulator/install/manipulator/share/manipulator/rviz/rviz_basic_settings.rviz
-- Symlinking: /home/teus/manipulator/install/manipulator/share/manipulator/urdf/manipulator.dae
-- Symlinking: /home/teus/manipulator/install/manipulator/share/manipulator/urdf/manipulator.xacro
-- Up-to-date symlink: /home/teus/manipulator/install/manipulator/share/ament_index/resource_index/package_run_dependencies/manipulator
-- Up-to-date symlink: /home/teus/manipulator/install/manipulator/share/ament_index/resource_index/parent_prefix_path/manipulator
-- Up-to-date symlink: /home/teus/manipulator/install/manipulator/share/manipulator/environment/ament_prefix_path.sh
-- Up-to-date symlink: /home/teus/manipulator/install/manipulator/share/manipulator/environment/ament_prefix_path.dsv
-- Up-to-date symlink: /home/teus/manipulator/install/manipulator/share/manipulator/environment/path.sh
-- Up-to-date symlink: /home/teus/manipulator/install/manipulator/share/manipulator/environment/path.dsv
-- Up-to-date symlink: /home/teus/manipulator/install/manipulator/share/manipulator/local_setup.bash
-- Up-to-date symlink: /home/teus/manipulator/install/manipulator/share/manipulator/local_setup.sh
-- Up-to-date symlink: /home/teus/manipulator/install/manipulator/share/manipulator/local_setup.zsh
-- Up-to-date symlink: /home/teus/manipulator/install/manipulator/share/manipulator/local_setup.dsv
-- Symlinking: /home/teus/manipulator/install/manipulator/share/manipulator/package.dsv
-- Up-to-date symlink: /home/teus/manipulator/install/manipulator/share/ament_index/resource_index/packages/manipulator
-- Up-to-date symlink: /home/teus/manipulator/install/manipulator/share/manipulator/cmake/manipulatorConfig.cmake
-- Up-to-date symlink: /home/teus/manipulator/install/manipulator/share/manipulator/cmake/manipulatorConfig-version.cmake
-- Up-to-date symlink: /home/teus/manipulator/install/manipulator/share/manipulator/package.xml
