[0.011s] Invoking command in '/home/teus/manipulator/build/manipulator': CMAKE_PREFIX_PATH=/opt/ros/foxy /usr/bin/cmake --build /home/teus/manipulator/build/manipulator -- -j16 -l16
[0.034s] Invoked command in '/home/teus/manipulator/build/manipulator' returned '0': CMAKE_PREFIX_PATH=/opt/ros/foxy /usr/bin/cmake --build /home/teus/manipulator/build/manipulator -- -j16 -l16
[0.053s] Invoking command in '/home/teus/manipulator/build/manipulator': CMAKE_PREFIX_PATH=/opt/ros/foxy /usr/bin/cmake --install /home/teus/manipulator/build/manipulator
[0.058s] -- Install configuration: ""
[0.058s] -- Execute custom install script
[0.059s] -- Up-to-date symlink: /home/teus/manipulator/install/manipulator/share/manipulator/launch/manipulator.launch.py
[0.059s] -- Up-to-date symlink: /home/teus/manipulator/install/manipulator/share/manipulator/rviz/rviz_basic_settings.rviz
[0.060s] -- Symlinking: /home/teus/manipulator/install/manipulator/share/manipulator/urdf/manipulator.dae
[0.065s] -- Symlinking: /home/teus/manipulator/install/manipulator/share/manipulator/urdf/manipulator.xacro
[0.070s] -- Up-to-date symlink: /home/teus/manipulator/install/manipulator/share/ament_index/resource_index/package_run_dependencies/manipulator
[0.070s] -- Up-to-date symlink: /home/teus/manipulator/install/manipulator/share/ament_index/resource_index/parent_prefix_path/manipulator
[0.071s] -- Up-to-date symlink: /home/teus/manipulator/install/manipulator/share/manipulator/environment/ament_prefix_path.sh
[0.071s] -- Up-to-date symlink: /home/teus/manipulator/install/manipulator/share/manipulator/environment/ament_prefix_path.dsv
[0.071s] -- Up-to-date symlink: /home/teus/manipulator/install/manipulator/share/manipulator/environment/path.sh
[0.071s] -- Up-to-date symlink: /home/teus/manipulator/install/manipulator/share/manipulator/environment/path.dsv
[0.071s] -- Up-to-date symlink: /home/teus/manipulator/install/manipulator/share/manipulator/local_setup.bash
[0.071s] -- Up-to-date symlink: /home/teus/manipulator/install/manipulator/share/manipulator/local_setup.sh
[0.071s] -- Up-to-date symlink: /home/teus/manipulator/install/manipulator/share/manipulator/local_setup.zsh
[0.072s] -- Up-to-date symlink: /home/teus/manipulator/install/manipulator/share/manipulator/local_setup.dsv
[0.072s] -- Symlinking: /home/teus/manipulator/install/manipulator/share/manipulator/package.dsv
[0.077s] -- Up-to-date symlink: /home/teus/manipulator/install/manipulator/share/ament_index/resource_index/packages/manipulator
[0.077s] -- Up-to-date symlink: /home/teus/manipulator/install/manipulator/share/manipulator/cmake/manipulatorConfig.cmake
[0.077s] -- Up-to-date symlink: /home/teus/manipulator/install/manipulator/share/manipulator/cmake/manipulatorConfig-version.cmake
[0.077s] -- Up-to-date symlink: /home/teus/manipulator/install/manipulator/share/manipulator/package.xml
[0.079s] Invoked command in '/home/teus/manipulator/build/manipulator' returned '0': CMAKE_PREFIX_PATH=/opt/ros/foxy /usr/bin/cmake --install /home/teus/manipulator/build/manipulator
