[0.010s] Invoking command in '/home/teus/manipulator/build/manipulator': CMAKE_PREFIX_PATH=/opt/ros/foxy /usr/bin/cmake --build /home/teus/manipulator/build/manipulator -- -j16 -l16
[0.028s] -- Found ament_cmake: 0.9.11 (/opt/ros/foxy/share/ament_cmake/cmake)
[0.042s] -- Using PYTHON_EXECUTABLE: /usr/bin/python3
[0.159s] -- Override CMake install command with custom implementation using symlinks instead of copying resources
[0.164s] -- Found ament_lint_auto: 0.9.7 (/opt/ros/foxy/share/ament_lint_auto/cmake)
[0.207s] -- Added test 'copyright' to check source files copyright and LICENSE
[0.208s] -- Added test 'flake8' to check Python code syntax and style conventions
[0.209s] -- Added test 'lint_cmake' to check CMake code style
[0.209s] -- Added test 'pep257' to check Python code against some of the style conventions in PEP 257
[0.210s] -- Added test 'xmllint' to check XML markup files
[0.211s] -- Configuring done
[0.212s] -- Generating done
[0.213s] -- Build files have been written to: /home/teus/manipulator/build/manipulator
[0.226s] Invoked command in '/home/teus/manipulator/build/manipulator' returned '0': CMAKE_PREFIX_PATH=/opt/ros/foxy /usr/bin/cmake --build /home/teus/manipulator/build/manipulator -- -j16 -l16
[0.246s] Invoking command in '/home/teus/manipulator/build/manipulator': CMAKE_PREFIX_PATH=/opt/ros/foxy /usr/bin/cmake --install /home/teus/manipulator/build/manipulator
[0.251s] -- Install configuration: ""
[0.252s] -- Execute custom install script
[0.252s] -- Symlinking: /home/teus/manipulator/install/manipulator/share/manipulator/launch/manipulator.launch.py
[0.258s] -- Symlinking: /home/teus/manipulator/install/manipulator/share/manipulator/rviz/rviz_basic_settings.rviz
[0.264s] -- Up-to-date symlink: /home/teus/manipulator/install/manipulator/share/ament_index/resource_index/package_run_dependencies/manipulator
[0.264s] -- Up-to-date symlink: /home/teus/manipulator/install/manipulator/share/ament_index/resource_index/parent_prefix_path/manipulator
[0.264s] -- Up-to-date symlink: /home/teus/manipulator/install/manipulator/share/manipulator/environment/ament_prefix_path.sh
[0.264s] -- Up-to-date symlink: /home/teus/manipulator/install/manipulator/share/manipulator/environment/ament_prefix_path.dsv
[0.264s] -- Up-to-date symlink: /home/teus/manipulator/install/manipulator/share/manipulator/environment/path.sh
[0.264s] -- Up-to-date symlink: /home/teus/manipulator/install/manipulator/share/manipulator/environment/path.dsv
[0.265s] -- Up-to-date symlink: /home/teus/manipulator/install/manipulator/share/manipulator/local_setup.bash
[0.265s] -- Up-to-date symlink: /home/teus/manipulator/install/manipulator/share/manipulator/local_setup.sh
[0.265s] -- Up-to-date symlink: /home/teus/manipulator/install/manipulator/share/manipulator/local_setup.zsh
[0.265s] -- Up-to-date symlink: /home/teus/manipulator/install/manipulator/share/manipulator/local_setup.dsv
[0.265s] -- Symlinking: /home/teus/manipulator/install/manipulator/share/manipulator/package.dsv
[0.271s] -- Up-to-date symlink: /home/teus/manipulator/install/manipulator/share/ament_index/resource_index/packages/manipulator
[0.271s] -- Up-to-date symlink: /home/teus/manipulator/install/manipulator/share/manipulator/cmake/manipulatorConfig.cmake
[0.271s] -- Up-to-date symlink: /home/teus/manipulator/install/manipulator/share/manipulator/cmake/manipulatorConfig-version.cmake
[0.271s] -- Up-to-date symlink: /home/teus/manipulator/install/manipulator/share/manipulator/package.xml
[0.273s] Invoked command in '/home/teus/manipulator/build/manipulator' returned '0': CMAKE_PREFIX_PATH=/opt/ros/foxy /usr/bin/cmake --install /home/teus/manipulator/build/manipulator
