[0.012s] Invoking command in '/home/teus/manipulator/build/manipulator_description': /usr/bin/cmake /home/teus/manipulator/src/manipulator_description -DCATKIN_INSTALL_INTO_PREFIX_ROOT=0 -DCMAKE_INSTALL_PREFIX=/home/teus/manipulator/install/manipulator_description
[0.052s] -- The C compiler identification is GNU 9.4.0
[0.093s] -- The CXX compiler identification is GNU 9.4.0
[0.098s] -- Check for working C compiler: /usr/bin/cc
[0.142s] -- Check for working C compiler: /usr/bin/cc -- works
[0.142s] -- Detecting C compiler ABI info
[0.186s] -- Detecting C compiler ABI info - done
[0.196s] -- Detecting C compile features
[0.197s] -- Detecting C compile features - done
[0.199s] -- Check for working CXX compiler: /usr/bin/c++
[0.251s] -- Check for working CXX compiler: /usr/bin/c++ -- works
[0.251s] -- Detecting CXX compiler ABI info
[0.302s] -- Detecting CXX compiler ABI info - done
[0.312s] -- Detecting CXX compile features
[0.313s] -- Detecting CXX compile features - done
[0.320s] CMake Error at CMakeLists.txt:10 (find_package):
[0.320s]   By not providing "Findcatkin.cmake" in CMAKE_MODULE_PATH this project has
[0.320s]   asked CMake to find a package configuration file provided by "catkin", but
[0.320s]   CMake did not find one.
[0.320s] 
[0.320s]   Could not find a package configuration file provided by "catkin" with any
[0.320s]   of the following names:
[0.320s] 
[0.320s]     catkinConfig.cmake
[0.320s]     catkin-config.cmake
[0.320s] 
[0.321s]   Add the installation prefix of "catkin" to CMAKE_PREFIX_PATH or set
[0.321s]   "catkin_DIR" to a directory containing one of the above files.  If "catkin"
[0.321s]   provides a separate development package or SDK, be sure it has been
[0.321s]   installed.
[0.321s] 
[0.321s] 
[0.321s] -- Configuring incomplete, errors occurred!
[0.321s] See also "/home/teus/manipulator/build/manipulator_description/CMakeFiles/CMakeOutput.log".
[0.323s] Invoked command in '/home/teus/manipulator/build/manipulator_description' returned '1': /usr/bin/cmake /home/teus/manipulator/src/manipulator_description -DCATKIN_INSTALL_INTO_PREFIX_ROOT=0 -DCMAKE_INSTALL_PREFIX=/home/teus/manipulator/install/manipulator_description
