[0.273s] DEBUG:colcon:Command line arguments: ['/usr/bin/colcon', 'list', '-p', '--base-paths', '/home/teus/manipulator']
[0.273s] DEBUG:colcon:Parsed command line arguments: Namespace(allow_overriding=[], base_paths=['/home/teus/manipulator'], build_base='build', ignore_user_meta=False, log_base=None, log_level=None, main=<bound method ListVerb.main of <colcon_package_information.verb.list.ListVerb object at 0x7f5871d12340>>, metas=['./colcon.meta'], mixin=None, mixin_files=None, mixin_verb=('list',), names_only=False, packages_above=None, packages_above_and_dependencies=None, packages_above_depth=None, packages_end=None, packages_ignore=None, packages_ignore_regex=None, packages_select=None, packages_select_build_failed=False, packages_select_by_dep=None, packages_select_regex=None, packages_select_test_failures=False, packages_skip=None, packages_skip_build_finished=False, packages_skip_by_dep=None, packages_skip_regex=None, packages_skip_test_passed=False, packages_skip_up_to=None, packages_start=None, packages_up_to=None, packages_up_to_regex=None, paths=None, paths_only=True, topological_graph=False, topological_graph_density=False, topological_graph_dot=False, topological_graph_dot_cluster=False, topological_graph_dot_include_skipped=False, topological_graph_legend=False, topological_order=False, verb_extension=<colcon_package_information.verb.list.ListVerb object at 0x7f5871d12340>, verb_name='list', verb_parser=<colcon_mixin.mixin.mixin_argument.MixinArgumentDecorator object at 0x7f5871c7af40>)
[0.296s] Level 1:colcon.colcon_core.package_discovery:discover_packages(colcon_meta) check parameters
[0.296s] Level 1:colcon.colcon_core.package_discovery:discover_packages(recursive) check parameters
[0.296s] Level 1:colcon.colcon_core.package_discovery:discover_packages(ignore) check parameters
[0.296s] Level 1:colcon.colcon_core.package_discovery:discover_packages(path) check parameters
[0.296s] Level 1:colcon.colcon_core.package_discovery:discover_packages(recursive) discover
[0.297s] INFO:colcon.colcon_core.package_discovery:Crawling recursively for packages in '/home/teus/manipulator'
[0.297s] Level 1:colcon.colcon_core.package_identification:_identify(/home/teus/manipulator) by extensions ['ignore', 'ignore_ament_install']
[0.297s] Level 1:colcon.colcon_core.package_identification:_identify(/home/teus/manipulator) by extension 'ignore'
[0.297s] Level 1:colcon.colcon_core.package_identification:_identify(/home/teus/manipulator) by extension 'ignore_ament_install'
[0.297s] Level 1:colcon.colcon_core.package_identification:_identify(/home/teus/manipulator) by extensions ['colcon_pkg']
[0.297s] Level 1:colcon.colcon_core.package_identification:_identify(/home/teus/manipulator) by extension 'colcon_pkg'
[0.297s] Level 1:colcon.colcon_core.package_identification:_identify(/home/teus/manipulator) by extensions ['colcon_meta']
[0.297s] Level 1:colcon.colcon_core.package_identification:_identify(/home/teus/manipulator) by extension 'colcon_meta'
[0.297s] Level 1:colcon.colcon_core.package_identification:_identify(/home/teus/manipulator) by extensions ['ros']
[0.297s] Level 1:colcon.colcon_core.package_identification:_identify(/home/teus/manipulator) by extension 'ros'
[0.313s] Level 1:colcon.colcon_core.package_identification:_identify(/home/teus/manipulator) by extensions ['cmake', 'python']
[0.313s] Level 1:colcon.colcon_core.package_identification:_identify(/home/teus/manipulator) by extension 'cmake'
[0.313s] Level 1:colcon.colcon_core.package_identification:_identify(/home/teus/manipulator) by extension 'python'
[0.313s] Level 1:colcon.colcon_core.package_identification:_identify(/home/teus/manipulator) by extensions ['python_setup_py']
[0.313s] Level 1:colcon.colcon_core.package_identification:_identify(/home/teus/manipulator) by extension 'python_setup_py'
[0.313s] Level 1:colcon.colcon_core.package_identification:_identify(/home/teus/manipulator/build) by extensions ['ignore', 'ignore_ament_install']
[0.313s] Level 1:colcon.colcon_core.package_identification:_identify(/home/teus/manipulator/build) by extension 'ignore'
[0.313s] Level 1:colcon.colcon_core.package_identification:_identify(/home/teus/manipulator/build) ignored
[0.313s] Level 1:colcon.colcon_core.package_identification:_identify(/home/teus/manipulator/install) by extensions ['ignore', 'ignore_ament_install']
[0.313s] Level 1:colcon.colcon_core.package_identification:_identify(/home/teus/manipulator/install) by extension 'ignore'
[0.313s] Level 1:colcon.colcon_core.package_identification:_identify(/home/teus/manipulator/install) ignored
[0.314s] Level 1:colcon.colcon_core.package_identification:_identify(/home/teus/manipulator/log) by extensions ['ignore', 'ignore_ament_install']
[0.314s] Level 1:colcon.colcon_core.package_identification:_identify(/home/teus/manipulator/log) by extension 'ignore'
[0.314s] Level 1:colcon.colcon_core.package_identification:_identify(/home/teus/manipulator/log) ignored
[0.314s] Level 1:colcon.colcon_core.package_identification:_identify(/home/teus/manipulator/src) by extensions ['ignore', 'ignore_ament_install']
[0.314s] Level 1:colcon.colcon_core.package_identification:_identify(/home/teus/manipulator/src) by extension 'ignore'
[0.314s] Level 1:colcon.colcon_core.package_identification:_identify(/home/teus/manipulator/src) by extension 'ignore_ament_install'
[0.314s] Level 1:colcon.colcon_core.package_identification:_identify(/home/teus/manipulator/src) by extensions ['colcon_pkg']
[0.314s] Level 1:colcon.colcon_core.package_identification:_identify(/home/teus/manipulator/src) by extension 'colcon_pkg'
[0.314s] Level 1:colcon.colcon_core.package_identification:_identify(/home/teus/manipulator/src) by extensions ['colcon_meta']
[0.314s] Level 1:colcon.colcon_core.package_identification:_identify(/home/teus/manipulator/src) by extension 'colcon_meta'
[0.314s] Level 1:colcon.colcon_core.package_identification:_identify(/home/teus/manipulator/src) by extensions ['ros']
[0.314s] Level 1:colcon.colcon_core.package_identification:_identify(/home/teus/manipulator/src) by extension 'ros'
[0.314s] Level 1:colcon.colcon_core.package_identification:_identify(/home/teus/manipulator/src) by extensions ['cmake', 'python']
[0.314s] Level 1:colcon.colcon_core.package_identification:_identify(/home/teus/manipulator/src) by extension 'cmake'
[0.314s] Level 1:colcon.colcon_core.package_identification:_identify(/home/teus/manipulator/src) by extension 'python'
[0.314s] Level 1:colcon.colcon_core.package_identification:_identify(/home/teus/manipulator/src) by extensions ['python_setup_py']
[0.314s] Level 1:colcon.colcon_core.package_identification:_identify(/home/teus/manipulator/src) by extension 'python_setup_py'
[0.314s] Level 1:colcon.colcon_core.package_identification:_identify(/home/teus/manipulator/src/manipulator) by extensions ['ignore', 'ignore_ament_install']
[0.314s] Level 1:colcon.colcon_core.package_identification:_identify(/home/teus/manipulator/src/manipulator) by extension 'ignore'
[0.314s] Level 1:colcon.colcon_core.package_identification:_identify(/home/teus/manipulator/src/manipulator) by extension 'ignore_ament_install'
[0.314s] Level 1:colcon.colcon_core.package_identification:_identify(/home/teus/manipulator/src/manipulator) by extensions ['colcon_pkg']
[0.314s] Level 1:colcon.colcon_core.package_identification:_identify(/home/teus/manipulator/src/manipulator) by extension 'colcon_pkg'
[0.314s] Level 1:colcon.colcon_core.package_identification:_identify(/home/teus/manipulator/src/manipulator) by extensions ['colcon_meta']
[0.315s] Level 1:colcon.colcon_core.package_identification:_identify(/home/teus/manipulator/src/manipulator) by extension 'colcon_meta'
[0.315s] Level 1:colcon.colcon_core.package_identification:_identify(/home/teus/manipulator/src/manipulator) by extensions ['ros']
[0.315s] Level 1:colcon.colcon_core.package_identification:_identify(/home/teus/manipulator/src/manipulator) by extension 'ros'
[0.317s] DEBUG:colcon.colcon_core.package_identification:Package '/home/teus/manipulator/src/manipulator' with type 'ros.ament_cmake' and name 'manipulator'
[0.317s] Level 1:colcon.colcon_core.package_discovery:discover_packages(recursive) using defaults
