-- Found ament_cmake: 0.9.11 (/opt/ros/foxy/share/ament_cmake/cmake)
-- Using PYTHON_EXECUTABLE: /usr/bin/python3
-- Override CMake install command with custom implementation using symlinks instead of copying resources
-- Found ament_lint_auto: 0.9.7 (/opt/ros/foxy/share/ament_lint_auto/cmake)
-- Added test 'copyright' to check source files copyright and LICENSE
-- Added test 'flake8' to check Python code syntax and style conventions
-- Added test 'lint_cmake' to check CMake code style
-- Added test 'pep257' to check Python code against some of the style conventions in PEP 257
-- Added test 'xmllint' to check XML markup files
-- Configuring done
-- Generating done
-- Build files have been written to: /home/teus/manipulator/build/manipulator
-- Install configuration: ""
-- Execute custom install script
-- Up-to-date symlink: /home/teus/manipulator/install/manipulator/share/manipulator/launch/manipulator.launch.py
-- Symlinking: /home/teus/manipulator/install/manipulator/share/manipulator/meshes/base2_1.stl
-- Symlinking: /home/teus/manipulator/install/manipulator/share/manipulator/meshes/base_link.stl
-- Symlinking: /home/teus/manipulator/install/manipulator/share/manipulator/meshes/case1_1.stl
-- Symlinking: /home/teus/manipulator/install/manipulator/share/manipulator/meshes/case2_1.stl
-- Symlinking: /home/teus/manipulator/install/manipulator/share/manipulator/meshes/case3_1.stl
-- Symlinking: /home/teus/manipulator/install/manipulator/share/manipulator/meshes/case4_1.stl
-- Symlinking: /home/teus/manipulator/install/manipulator/share/manipulator/meshes/case5_1.stl
-- Symlinking: /home/teus/manipulator/install/manipulator/share/manipulator/meshes/case6_1.stl
-- Symlinking: /home/teus/manipulator/install/manipulator/share/manipulator/meshes/link1_1.stl
-- Symlinking: /home/teus/manipulator/install/manipulator/share/manipulator/meshes/link2_1.stl
-- Symlinking: /home/teus/manipulator/install/manipulator/share/manipulator/meshes/link3_1.stl
-- Symlinking: /home/teus/manipulator/install/manipulator/share/manipulator/meshes/link4_1.stl
-- Symlinking: /home/teus/manipulator/install/manipulator/share/manipulator/meshes/link5_1.stl
-- Symlinking: /home/teus/manipulator/install/manipulator/share/manipulator/meshes/link6_1.stl
-- Symlinking: /home/teus/manipulator/install/manipulator/share/manipulator/meshes/link7_1.stl
-- Up-to-date symlink: /home/teus/manipulator/install/manipulator/share/manipulator/rviz/rviz_basic_settings.rviz
-- Symlinking: /home/teus/manipulator/install/manipulator/share/manipulator/urdf/manipulator.gazebo
-- Symlinking: /home/teus/manipulator/install/manipulator/share/manipulator/urdf/manipulator.trans
-- Up-to-date symlink: /home/teus/manipulator/install/manipulator/share/manipulator/urdf/manipulator.xacro
-- Symlinking: /home/teus/manipulator/install/manipulator/share/manipulator/urdf/materials.xacro
-- Up-to-date symlink: /home/teus/manipulator/install/manipulator/share/ament_index/resource_index/package_run_dependencies/manipulator
-- Up-to-date symlink: /home/teus/manipulator/install/manipulator/share/ament_index/resource_index/parent_prefix_path/manipulator
-- Up-to-date symlink: /home/teus/manipulator/install/manipulator/share/manipulator/environment/ament_prefix_path.sh
-- Up-to-date symlink: /home/teus/manipulator/install/manipulator/share/manipulator/environment/ament_prefix_path.dsv
-- Up-to-date symlink: /home/teus/manipulator/install/manipulator/share/manipulator/environment/path.sh
-- Up-to-date symlink: /home/teus/manipulator/install/manipulator/share/manipulator/environment/path.dsv
-- Up-to-date symlink: /home/teus/manipulator/install/manipulator/share/manipulator/local_setup.bash
-- Up-to-date symlink: /home/teus/manipulator/install/manipulator/share/manipulator/local_setup.sh
-- Up-to-date symlink: /home/teus/manipulator/install/manipulator/share/manipulator/local_setup.zsh
-- Up-to-date symlink: /home/teus/manipulator/install/manipulator/share/manipulator/local_setup.dsv
-- Symlinking: /home/teus/manipulator/install/manipulator/share/manipulator/package.dsv
-- Up-to-date symlink: /home/teus/manipulator/install/manipulator/share/ament_index/resource_index/packages/manipulator
-- Up-to-date symlink: /home/teus/manipulator/install/manipulator/share/manipulator/cmake/manipulatorConfig.cmake
-- Up-to-date symlink: /home/teus/manipulator/install/manipulator/share/manipulator/cmake/manipulatorConfig-version.cmake
-- Up-to-date symlink: /home/teus/manipulator/install/manipulator/share/manipulator/package.xml
