[0.015s] Invoking command in '/home/teus/manipulator/build/manipulator': CMAKE_PREFIX_PATH=${CMAKE_PREFIX_PATH}:/opt/ros/foxy /usr/local/bin/cmake --build /home/teus/manipulator/build/manipulator -- -j16 -l16
[0.027s] -- Found ament_cmake: 0.9.11 (/opt/ros/foxy/share/ament_cmake/cmake)
[0.041s] -- Using PYTHON_EXECUTABLE: /usr/bin/python3
[0.161s] -- Override CMake install command with custom implementation using symlinks instead of copying resources
[0.167s] -- Found ament_lint_auto: 0.9.7 (/opt/ros/foxy/share/ament_lint_auto/cmake)
[0.212s] -- Added test 'copyright' to check source files copyright and LICENSE
[0.214s] -- Added test 'flake8' to check Python code syntax and style conventions
[0.214s] -- Added test 'lint_cmake' to check CMake code style
[0.214s] -- Added test 'pep257' to check Python code against some of the style conventions in PEP 257
[0.215s] -- Added test 'xmllint' to check XML markup files
[0.217s] -- Configuring done
[0.218s] -- Generating done
[0.218s] -- Build files have been written to: /home/teus/manipulator/build/manipulator
[0.231s] Invoked command in '/home/teus/manipulator/build/manipulator' returned '0': CMAKE_PREFIX_PATH=${CMAKE_PREFIX_PATH}:/opt/ros/foxy /usr/local/bin/cmake --build /home/teus/manipulator/build/manipulator -- -j16 -l16
[0.244s] Invoking command in '/home/teus/manipulator/build/manipulator': CMAKE_PREFIX_PATH=${CMAKE_PREFIX_PATH}:/opt/ros/foxy /usr/local/bin/cmake --install /home/teus/manipulator/build/manipulator
[0.246s] -- Install configuration: ""
[0.246s] -- Execute custom install script
[0.247s] -- Up-to-date symlink: /home/teus/manipulator/install/manipulator/share/manipulator/launch/manipulator.launch.py
[0.247s] -- Up-to-date symlink: /home/teus/manipulator/install/manipulator/share/manipulator/meshes/base2_1.stl
[0.247s] -- Up-to-date symlink: /home/teus/manipulator/install/manipulator/share/manipulator/meshes/base_link.stl
[0.247s] -- Up-to-date symlink: /home/teus/manipulator/install/manipulator/share/manipulator/meshes/case1_1.stl
[0.247s] -- Up-to-date symlink: /home/teus/manipulator/install/manipulator/share/manipulator/meshes/case2_1.stl
[0.247s] -- Up-to-date symlink: /home/teus/manipulator/install/manipulator/share/manipulator/meshes/case3_1.stl
[0.247s] -- Up-to-date symlink: /home/teus/manipulator/install/manipulator/share/manipulator/meshes/case4_1.stl
[0.247s] -- Up-to-date symlink: /home/teus/manipulator/install/manipulator/share/manipulator/meshes/case5_1.stl
[0.248s] -- Up-to-date symlink: /home/teus/manipulator/install/manipulator/share/manipulator/meshes/case6_1.stl
[0.248s] -- Up-to-date symlink: /home/teus/manipulator/install/manipulator/share/manipulator/meshes/link1_1.stl
[0.248s] -- Up-to-date symlink: /home/teus/manipulator/install/manipulator/share/manipulator/meshes/link2_1.stl
[0.248s] -- Up-to-date symlink: /home/teus/manipulator/install/manipulator/share/manipulator/meshes/link3_1.stl
[0.248s] -- Up-to-date symlink: /home/teus/manipulator/install/manipulator/share/manipulator/meshes/link4_1.stl
[0.248s] -- Up-to-date symlink: /home/teus/manipulator/install/manipulator/share/manipulator/meshes/link5_1.stl
[0.248s] -- Up-to-date symlink: /home/teus/manipulator/install/manipulator/share/manipulator/meshes/link6_1.stl
[0.248s] -- Up-to-date symlink: /home/teus/manipulator/install/manipulator/share/manipulator/meshes/link7_1.stl
[0.248s] -- Up-to-date symlink: /home/teus/manipulator/install/manipulator/share/manipulator/rviz/rviz_basic_settings.rviz
[0.248s] -- Up-to-date symlink: /home/teus/manipulator/install/manipulator/share/manipulator/urdf/manipulator.gazebo
[0.249s] -- Up-to-date symlink: /home/teus/manipulator/install/manipulator/share/manipulator/urdf/manipulator.trans
[0.249s] -- Up-to-date symlink: /home/teus/manipulator/install/manipulator/share/manipulator/urdf/manipulator.urdf
[0.249s] -- Up-to-date symlink: /home/teus/manipulator/install/manipulator/share/manipulator/urdf/manipulator.xacro
[0.249s] -- Symlinking: /home/teus/manipulator/install/manipulator/share/manipulator/urdf/manipulator_collision.urdf
[0.254s] -- Up-to-date symlink: /home/teus/manipulator/install/manipulator/share/manipulator/urdf/materials.xacro
[0.255s] -- Up-to-date symlink: /home/teus/manipulator/install/manipulator/share/ament_index/resource_index/package_run_dependencies/manipulator
[0.255s] -- Up-to-date symlink: /home/teus/manipulator/install/manipulator/share/ament_index/resource_index/parent_prefix_path/manipulator
[0.255s] -- Up-to-date symlink: /home/teus/manipulator/install/manipulator/share/manipulator/environment/ament_prefix_path.sh
[0.255s] -- Up-to-date symlink: /home/teus/manipulator/install/manipulator/share/manipulator/environment/ament_prefix_path.dsv
[0.255s] -- Up-to-date symlink: /home/teus/manipulator/install/manipulator/share/manipulator/environment/path.sh
[0.255s] -- Up-to-date symlink: /home/teus/manipulator/install/manipulator/share/manipulator/environment/path.dsv
[0.255s] -- Up-to-date symlink: /home/teus/manipulator/install/manipulator/share/manipulator/local_setup.bash
[0.255s] -- Up-to-date symlink: /home/teus/manipulator/install/manipulator/share/manipulator/local_setup.sh
[0.255s] -- Up-to-date symlink: /home/teus/manipulator/install/manipulator/share/manipulator/local_setup.zsh
[0.256s] -- Up-to-date symlink: /home/teus/manipulator/install/manipulator/share/manipulator/local_setup.dsv
[0.256s] -- Symlinking: /home/teus/manipulator/install/manipulator/share/manipulator/package.dsv
[0.261s] -- Up-to-date symlink: /home/teus/manipulator/install/manipulator/share/ament_index/resource_index/packages/manipulator
[0.261s] -- Up-to-date symlink: /home/teus/manipulator/install/manipulator/share/manipulator/cmake/manipulatorConfig.cmake
[0.261s] -- Up-to-date symlink: /home/teus/manipulator/install/manipulator/share/manipulator/cmake/manipulatorConfig-version.cmake
[0.261s] -- Up-to-date symlink: /home/teus/manipulator/install/manipulator/share/manipulator/package.xml
[0.262s] Invoked command in '/home/teus/manipulator/build/manipulator' returned '0': CMAKE_PREFIX_PATH=${CMAKE_PREFIX_PATH}:/opt/ros/foxy /usr/local/bin/cmake --install /home/teus/manipulator/build/manipulator
